<?xml version='1.0' encoding='UTF-8'?>
<testsuite hostname="DESKTOP-3CC253O" name="HelloSpec" tests="3" errors="0" failures="0" skipped="0" time="0.024" timestamp="2021-01-14T14:02:41">
                     <properties>
[...]
</properties>
                     <testcase classname="HelloSpec" name="Hello should start with H" time="0.021">
                                                 
                                               </testcase><testcase classname="HelloSpec" name="Hello with assertResult" time="0.002">
                                                 
                                               </testcase><testcase classname="HelloSpec" name="assertThrows example" time="0.001">
                                                 
                                               </testcase>
                     <system-out><![CDATA[]]></system-out>
                     <system-err><![CDATA[]]></system-err>
                   </testsuite>